CRITICAL - 2023-07-25 00:05:14 --> Use of undefined constant halaman - assumed 'halaman' (this will throw an Error in a future version of PHP)
in APPPATH\Controllers\Home.php on line 60.
 1 APPPATH\Controllers\Home.php(60): CodeIgniter\Debug\Exceptions->errorHandler(2, 'Use of undefined constant halaman - assumed \'halaman\' (this will throw an Error in a future version of PHP)', 'APPPATH\\Controllers\\Home.php', 60, [])
 2 SYSTEMPATH\CodeIgniter.php(927): App\Controllers\Home->halaman()
 3 SYSTEMPATH\CodeIgniter.php(482): CodeIgniter\CodeIgniter->runController(Object(App\Controllers\Home))
 4 SYSTEMPATH\CodeIgniter.php(351): CodeIgniter\CodeIgniter->handleRequest(null, Object(Config\Cache), false)
 5 FCPATH\index.php(67): CodeIgniter\CodeIgniter->run()
 6 SYSTEMPATH\Commands\Server\rewrite.php(46): require_once('FCPATH\\index.php')
CRITICAL - 2023-07-25 00:13:47 --> Use of undefined constant halaman - assumed 'halaman' (this will throw an Error in a future version of PHP)
in APPPATH\Controllers\Home.php on line 60.
 1 APPPATH\Controllers\Home.php(60): CodeIgniter\Debug\Exceptions->errorHandler(2, 'Use of undefined constant halaman - assumed \'halaman\' (this will throw an Error in a future version of PHP)', 'APPPATH\\Controllers\\Home.php', 60, [])
 2 SYSTEMPATH\CodeIgniter.php(927): App\Controllers\Home->halaman()
 3 SYSTEMPATH\CodeIgniter.php(482): CodeIgniter\CodeIgniter->runController(Object(App\Controllers\Home))
 4 SYSTEMPATH\CodeIgniter.php(351): CodeIgniter\CodeIgniter->handleRequest(null, Object(Config\Cache), false)
 5 FCPATH\index.php(67): CodeIgniter\CodeIgniter->run()
 6 SYSTEMPATH\Commands\Server\rewrite.php(46): require_once('FCPATH\\index.php')
CRITICAL - 2023-07-25 00:14:14 --> Use of undefined constant halaman - assumed 'halaman' (this will throw an Error in a future version of PHP)
in APPPATH\Controllers\Home.php on line 60.
 1 APPPATH\Controllers\Home.php(60): CodeIgniter\Debug\Exceptions->errorHandler(2, 'Use of undefined constant halaman - assumed \'halaman\' (this will throw an Error in a future version of PHP)', 'APPPATH\\Controllers\\Home.php', 60, [])
 2 SYSTEMPATH\CodeIgniter.php(927): App\Controllers\Home->halaman()
 3 SYSTEMPATH\CodeIgniter.php(482): CodeIgniter\CodeIgniter->runController(Object(App\Controllers\Home))
 4 SYSTEMPATH\CodeIgniter.php(351): CodeIgniter\CodeIgniter->handleRequest(null, Object(Config\Cache), false)
 5 FCPATH\index.php(67): CodeIgniter\CodeIgniter->run()
 6 SYSTEMPATH\Commands\Server\rewrite.php(46): require_once('FCPATH\\index.php')
